This file contains any messages produced by compilers while
running configure, to aid debugging if configure makes a mistake.

It was created by iTETRIS ITS Cooperative Demo Application configure 0.1.0, which was
generated by GNU Autoconf 2.65.  Invocation command line was

  $ ./configure --enable-debug

## --------- ##
## Platform. ##
## --------- ##

hostname = texus-lab
uname -m = x86_64
uname -r = 3.17.0-999-generic
uname -s = Linux
uname -v = #201408170205 SMP Sun Aug 17 06:06:24 UTC 2014

/usr/bin/uname -p = unknown
/bin/uname -X     = unknown

/bin/arch              = unknown
/usr/bin/arch -k       = unknown
/usr/convex/getsysinfo = unknown
/usr/bin/hostinfo      = unknown
/bin/machine           = unknown
/usr/bin/oslevel       = unknown
/bin/universe          = unknown

PATH: /usr/local/sbin
PATH: /usr/local/bin
PATH: /usr/sbin
PATH: /usr/bin
PATH: /sbin
PATH: /bin
PATH: /usr/games
PATH: /usr/local/games
PATH: /home/kentux/code/jsvm/bin


## ----------- ##
## Core tests. ##
## ----------- ##

configure:2551: checking build system type
configure:2565: result: x86_64-unknown-linux-gnu
configure:2585: checking host system type
configure:2598: result: x86_64-unknown-linux-gnu
configure:2618: checking target system type
configure:2631: result: x86_64-unknown-linux-gnu
configure:2678: checking for a BSD-compatible install
configure:2746: result: /usr/bin/install -c
configure:2757: checking whether build environment is sane
configure:2807: result: yes
configure:2948: checking for a thread-safe mkdir -p
configure:2987: result: /bin/mkdir -p
configure:3000: checking for gawk
configure:3016: found /usr/bin/gawk
configure:3027: result: gawk
configure:3038: checking whether make sets $(MAKE)
configure:3060: result: yes
configure:3170: checking for style of include used by make
configure:3198: result: GNU
configure:3268: checking for gcc
configure:3284: found /usr/bin/gcc
configure:3295: result: gcc
configure:3524: checking for C compiler version
configure:3533: gcc --version >&5
gcc (Ubuntu 4.8.2-19ubuntu1) 4.8.2
Copyright (C) 2013 Free Software Foundation, Inc.
This is free software; see the source for copying conditions.  There is NO
warranty; not even for MERCHANTABILITY or FITNESS FOR A PARTICULAR PURPOSE.

configure:3544: $? = 0
configure:3533: gcc -v >&5
Using built-in specs.
COLLECT_GCC=gcc
COLLECT_LTO_WRAPPER=/usr/lib/gcc/x86_64-linux-gnu/4.8/lto-wrapper
Target: x86_64-linux-gnu
Configured with: ../src/configure -v --with-pkgversion='Ubuntu 4.8.2-19ubuntu1' --with-bugurl=file:///usr/share/doc/gcc-4.8/README.Bugs --enable-languages=c,c++,java,go,d,fortran,objc,obj-c++ --prefix=/usr --program-suffix=-4.8 --enable-shared --enable-linker-build-id --libexecdir=/usr/lib --without-included-gettext --enable-threads=posix --with-gxx-include-dir=/usr/include/c++/4.8 --libdir=/usr/lib --enable-nls --with-sysroot=/ --enable-clocale=gnu --enable-libstdcxx-debug --enable-libstdcxx-time=yes --enable-gnu-unique-object --disable-libmudflap --enable-plugin --with-system-zlib --disable-browser-plugin --enable-java-awt=gtk --enable-gtk-cairo --with-java-home=/usr/lib/jvm/java-1.5.0-gcj-4.8-amd64/jre --enable-java-home --with-jvm-root-dir=/usr/lib/jvm/java-1.5.0-gcj-4.8-amd64 --with-jvm-jar-dir=/usr/lib/jvm-exports/java-1.5.0-gcj-4.8-amd64 --with-arch-directory=amd64 --with-ecj-jar=/usr/share/java/eclipse-ecj.jar --enable-objc-gc --enable-multiarch --disable-werror --with-arch-32=i686 --with-abi=m64 --with-multilib-list=m32,m64,mx32 --with-tune=generic --enable-checking=release --build=x86_64-linux-gnu --host=x86_64-linux-gnu --target=x86_64-linux-gnu
Thread model: posix
gcc version 4.8.2 (Ubuntu 4.8.2-19ubuntu1) 
configure:3544: $? = 0
configure:3533: gcc -V >&5
gcc: error: unrecognized command line option '-V'
gcc: fatal error: no input files
compilation terminated.
configure:3544: $? = 4
configure:3533: gcc -qversion >&5
gcc: error: unrecognized command line option '-qversion'
gcc: fatal error: no input files
compilation terminated.
configure:3544: $? = 4
configure:3564: checking whether the C compiler works
configure:3586: gcc    conftest.c  >&5
configure:3590: $? = 0
configure:3639: result: yes
configure:3642: checking for C compiler default output file name
configure:3644: result: a.out
configure:3650: checking for suffix of executables
configure:3657: gcc -o conftest    conftest.c  >&5
configure:3661: $? = 0
configure:3683: result: 
configure:3705: checking whether we are cross compiling
configure:3713: gcc -o conftest    conftest.c  >&5
configure:3717: $? = 0
configure:3724: ./conftest
configure:3728: $? = 0
configure:3743: result: no
configure:3748: checking for suffix of object files
configure:3770: gcc -c   conftest.c >&5
configure:3774: $? = 0
configure:3795: result: o
configure:3799: checking whether we are using the GNU C compiler
configure:3818: gcc -c   conftest.c >&5
configure:3818: $? = 0
configure:3827: result: yes
configure:3836: checking whether gcc accepts -g
configure:3856: gcc -c -g  conftest.c >&5
configure:3856: $? = 0
configure:3897: result: yes
configure:3914: checking for gcc option to accept ISO C89
configure:3978: gcc  -c -g -O2  conftest.c >&5
configure:3978: $? = 0
configure:3991: result: none needed
configure:4013: checking dependency style of gcc
configure:4123: result: gcc3
configure:4143: checking how to run the C preprocessor
configure:4174: gcc -E  conftest.c
configure:4174: $? = 0
configure:4188: gcc -E  conftest.c
conftest.c:12:28: fatal error: ac_nonexistent.h: No such file or directory
 #include <ac_nonexistent.h>
                            ^
compilation terminated.
configure:4188: $? = 1
configure: failed program was:
| /* confdefs.h */
| #define PACKAGE_NAME "iTETRIS ITS Cooperative Demo Application"
| #define PACKAGE_TARNAME "itetris-its-cooperative-demo-application"
| #define PACKAGE_VERSION "0.1.0"
| #define PACKAGE_STRING "iTETRIS ITS Cooperative Demo Application 0.1.0"
| #define PACKAGE_BUGREPORT ""
| #define PACKAGE_URL ""
| #define PACKAGE "itetris-its-cooperative-demo-application"
| #define VERSION "0.1.0"
| #define _DEBUG 1
| /* end confdefs.h.  */
| #include <ac_nonexistent.h>
configure:4213: result: gcc -E
configure:4233: gcc -E  conftest.c
configure:4233: $? = 0
configure:4247: gcc -E  conftest.c
conftest.c:12:28: fatal error: ac_nonexistent.h: No such file or directory
 #include <ac_nonexistent.h>
                            ^
compilation terminated.
configure:4247: $? = 1
configure: failed program was:
| /* confdefs.h */
| #define PACKAGE_NAME "iTETRIS ITS Cooperative Demo Application"
| #define PACKAGE_TARNAME "itetris-its-cooperative-demo-application"
| #define PACKAGE_VERSION "0.1.0"
| #define PACKAGE_STRING "iTETRIS ITS Cooperative Demo Application 0.1.0"
| #define PACKAGE_BUGREPORT ""
| #define PACKAGE_URL ""
| #define PACKAGE "itetris-its-cooperative-demo-application"
| #define VERSION "0.1.0"
| #define _DEBUG 1
| /* end confdefs.h.  */
| #include <ac_nonexistent.h>
configure:4333: checking for g++
configure:4349: found /usr/bin/g++
configure:4360: result: g++
configure:4387: checking for C++ compiler version
configure:4396: g++ --version >&5
g++ (Ubuntu 4.8.2-19ubuntu1) 4.8.2
Copyright (C) 2013 Free Software Foundation, Inc.
This is free software; see the source for copying conditions.  There is NO
warranty; not even for MERCHANTABILITY or FITNESS FOR A PARTICULAR PURPOSE.

configure:4407: $? = 0
configure:4396: g++ -v >&5
Using built-in specs.
COLLECT_GCC=g++
COLLECT_LTO_WRAPPER=/usr/lib/gcc/x86_64-linux-gnu/4.8/lto-wrapper
Target: x86_64-linux-gnu
Configured with: ../src/configure -v --with-pkgversion='Ubuntu 4.8.2-19ubuntu1' --with-bugurl=file:///usr/share/doc/gcc-4.8/README.Bugs --enable-languages=c,c++,java,go,d,fortran,objc,obj-c++ --prefix=/usr --program-suffix=-4.8 --enable-shared --enable-linker-build-id --libexecdir=/usr/lib --without-included-gettext --enable-threads=posix --with-gxx-include-dir=/usr/include/c++/4.8 --libdir=/usr/lib --enable-nls --with-sysroot=/ --enable-clocale=gnu --enable-libstdcxx-debug --enable-libstdcxx-time=yes --enable-gnu-unique-object --disable-libmudflap --enable-plugin --with-system-zlib --disable-browser-plugin --enable-java-awt=gtk --enable-gtk-cairo --with-java-home=/usr/lib/jvm/java-1.5.0-gcj-4.8-amd64/jre --enable-java-home --with-jvm-root-dir=/usr/lib/jvm/java-1.5.0-gcj-4.8-amd64 --with-jvm-jar-dir=/usr/lib/jvm-exports/java-1.5.0-gcj-4.8-amd64 --with-arch-directory=amd64 --with-ecj-jar=/usr/share/java/eclipse-ecj.jar --enable-objc-gc --enable-multiarch --disable-werror --with-arch-32=i686 --with-abi=m64 --with-multilib-list=m32,m64,mx32 --with-tune=generic --enable-checking=release --build=x86_64-linux-gnu --host=x86_64-linux-gnu --target=x86_64-linux-gnu
Thread model: posix
gcc version 4.8.2 (Ubuntu 4.8.2-19ubuntu1) 
configure:4407: $? = 0
configure:4396: g++ -V >&5
g++: error: unrecognized command line option '-V'
g++: fatal error: no input files
compilation terminated.
configure:4407: $? = 4
configure:4396: g++ -qversion >&5
g++: error: unrecognized command line option '-qversion'
g++: fatal error: no input files
compilation terminated.
configure:4407: $? = 4
configure:4411: checking whether we are using the GNU C++ compiler
configure:4430: g++ -c -g   conftest.cpp >&5
configure:4430: $? = 0
configure:4439: result: yes
configure:4448: checking whether g++ accepts -g
configure:4468: g++ -c -g  conftest.cpp >&5
configure:4468: $? = 0
configure:4509: result: yes
configure:4534: checking dependency style of g++
configure:4644: result: gcc3
configure:4660: checking whether ln -s works
configure:4664: result: yes
configure:4671: checking whether make sets $(MAKE)
configure:4693: result: yes
configure:4747: checking for ranlib
configure:4763: found /usr/bin/ranlib
configure:4774: result: ranlib
configure:4821: checking for a sed that does not truncate output
configure:4885: result: /bin/sed
configure:4903: checking for grep that handles long lines and -e
configure:4961: result: /bin/grep
configure:4966: checking for egrep
configure:5028: result: /bin/grep -E
configure:5033: checking for fgrep
configure:5095: result: /bin/grep -F
configure:5130: checking for ld used by gcc
configure:5197: result: /usr/bin/ld
configure:5204: checking if the linker (/usr/bin/ld) is GNU ld
configure:5219: result: yes
configure:5231: checking for BSD- or MS-compatible name lister (nm)
configure:5280: result: /usr/bin/nm -B
configure:5398: checking the name lister (/usr/bin/nm -B) interface
configure:5405: gcc -c -g -O2  conftest.c >&5
configure:5408: /usr/bin/nm -B "conftest.o"
configure:5411: output
0000000000000000 B some_variable
configure:5418: result: BSD nm
configure:5422: checking the maximum length of command line arguments
configure:5542: result: 1572864
configure:5559: checking whether the shell understands some XSI constructs
configure:5569: result: yes
configure:5573: checking whether the shell understands "+="
configure:5579: result: yes
configure:5614: checking for /usr/bin/ld option to reload object files
configure:5621: result: -r
configure:5690: checking for objdump
configure:5706: found /usr/bin/objdump
configure:5717: result: objdump
configure:5749: checking how to recognize dependent libraries
configure:5945: result: pass_all
configure:6005: checking for ar
configure:6021: found /usr/bin/ar
configure:6032: result: ar
configure:6110: checking for strip
configure:6126: found /usr/bin/strip
configure:6137: result: strip
configure:6209: checking for ranlib
configure:6236: result: ranlib
configure:6326: checking command to parse /usr/bin/nm -B output from gcc object
configure:6444: gcc -c -g -O2  conftest.c >&5
configure:6447: $? = 0
configure:6451: /usr/bin/nm -B conftest.o \| sed -n -e 's/^.*[	 ]\([ABCDGIRSTW][ABCDGIRSTW]*\)[	 ][	 ]*\([_A-Za-z][_A-Za-z0-9]*\)$/\1 \2 \2/p' \> conftest.nm
configure:6454: $? = 0
configure:6508: gcc -o conftest -g -O2   conftest.c conftstm.o >&5
configure:6511: $? = 0
configure:6549: result: ok
configure:6645: gcc -c -g -O2  conftest.c >&5
configure:6648: $? = 0
configure:7354: checking for ANSI C header files
configure:7374: gcc -c -g -O2  conftest.c >&5
configure:7374: $? = 0
configure:7447: gcc -o conftest -g -O2   conftest.c  >&5
configure:7447: $? = 0
configure:7447: ./conftest
configure:7447: $? = 0
configure:7458: result: yes
configure:7471: checking for sys/types.h
configure:7471: gcc -c -g -O2  conftest.c >&5
configure:7471: $? = 0
configure:7471: result: yes
configure:7471: checking for sys/stat.h
configure:7471: gcc -c -g -O2  conftest.c >&5
configure:7471: $? = 0
configure:7471: result: yes
configure:7471: checking for stdlib.h
configure:7471: gcc -c -g -O2  conftest.c >&5
configure:7471: $? = 0
configure:7471: result: yes
configure:7471: checking for string.h
configure:7471: gcc -c -g -O2  conftest.c >&5
configure:7471: $? = 0
configure:7471: result: yes
configure:7471: checking for memory.h
configure:7471: gcc -c -g -O2  conftest.c >&5
configure:7471: $? = 0
configure:7471: result: yes
configure:7471: checking for strings.h
configure:7471: gcc -c -g -O2  conftest.c >&5
configure:7471: $? = 0
configure:7471: result: yes
configure:7471: checking for inttypes.h
configure:7471: gcc -c -g -O2  conftest.c >&5
configure:7471: $? = 0
configure:7471: result: yes
configure:7471: checking for stdint.h
configure:7471: gcc -c -g -O2  conftest.c >&5
configure:7471: $? = 0
configure:7471: result: yes
configure:7471: checking for unistd.h
configure:7471: gcc -c -g -O2  conftest.c >&5
configure:7471: $? = 0
configure:7471: result: yes
configure:7486: checking for dlfcn.h
configure:7486: gcc -c -g -O2  conftest.c >&5
configure:7486: $? = 0
configure:7486: result: yes
configure:7611: checking for C++ compiler version
configure:7620: g++ --version >&5
g++ (Ubuntu 4.8.2-19ubuntu1) 4.8.2
Copyright (C) 2013 Free Software Foundation, Inc.
This is free software; see the source for copying conditions.  There is NO
warranty; not even for MERCHANTABILITY or FITNESS FOR A PARTICULAR PURPOSE.

configure:7631: $? = 0
configure:7620: g++ -v >&5
Using built-in specs.
COLLECT_GCC=g++
COLLECT_LTO_WRAPPER=/usr/lib/gcc/x86_64-linux-gnu/4.8/lto-wrapper
Target: x86_64-linux-gnu
Configured with: ../src/configure -v --with-pkgversion='Ubuntu 4.8.2-19ubuntu1' --with-bugurl=file:///usr/share/doc/gcc-4.8/README.Bugs --enable-languages=c,c++,java,go,d,fortran,objc,obj-c++ --prefix=/usr --program-suffix=-4.8 --enable-shared --enable-linker-build-id --libexecdir=/usr/lib --without-included-gettext --enable-threads=posix --with-gxx-include-dir=/usr/include/c++/4.8 --libdir=/usr/lib --enable-nls --with-sysroot=/ --enable-clocale=gnu --enable-libstdcxx-debug --enable-libstdcxx-time=yes --enable-gnu-unique-object --disable-libmudflap --enable-plugin --with-system-zlib --disable-browser-plugin --enable-java-awt=gtk --enable-gtk-cairo --with-java-home=/usr/lib/jvm/java-1.5.0-gcj-4.8-amd64/jre --enable-java-home --with-jvm-root-dir=/usr/lib/jvm/java-1.5.0-gcj-4.8-amd64 --with-jvm-jar-dir=/usr/lib/jvm-exports/java-1.5.0-gcj-4.8-amd64 --with-arch-directory=amd64 --with-ecj-jar=/usr/share/java/eclipse-ecj.jar --enable-objc-gc --enable-multiarch --disable-werror --with-arch-32=i686 --with-abi=m64 --with-multilib-list=m32,m64,mx32 --with-tune=generic --enable-checking=release --build=x86_64-linux-gnu --host=x86_64-linux-gnu --target=x86_64-linux-gnu
Thread model: posix
gcc version 4.8.2 (Ubuntu 4.8.2-19ubuntu1) 
configure:7631: $? = 0
configure:7620: g++ -V >&5
g++: error: unrecognized command line option '-V'
g++: fatal error: no input files
compilation terminated.
configure:7631: $? = 4
configure:7620: g++ -qversion >&5
g++: error: unrecognized command line option '-qversion'
g++: fatal error: no input files
compilation terminated.
configure:7631: $? = 4
configure:7635: checking whether we are using the GNU C++ compiler
configure:7663: result: yes
configure:7672: checking whether g++ accepts -g
configure:7733: result: yes
configure:7758: checking dependency style of g++
configure:7868: result: gcc3
configure:7891: checking how to run the C++ preprocessor
configure:7918: g++ -E  conftest.cpp
configure:7918: $? = 0
configure:7932: g++ -E  conftest.cpp
conftest.cpp:23:28: fatal error: ac_nonexistent.h: No such file or directory
 #include <ac_nonexistent.h>
                            ^
compilation terminated.
configure:7932: $? = 1
configure: failed program was:
| /* confdefs.h */
| #define PACKAGE_NAME "iTETRIS ITS Cooperative Demo Application"
| #define PACKAGE_TARNAME "itetris-its-cooperative-demo-application"
| #define PACKAGE_VERSION "0.1.0"
| #define PACKAGE_STRING "iTETRIS ITS Cooperative Demo Application 0.1.0"
| #define PACKAGE_BUGREPORT ""
| #define PACKAGE_URL ""
| #define PACKAGE "itetris-its-cooperative-demo-application"
| #define VERSION "0.1.0"
| #define _DEBUG 1
| #define STDC_HEADERS 1
| #define HAVE_SYS_TYPES_H 1
| #define HAVE_SYS_STAT_H 1
| #define HAVE_STDLIB_H 1
| #define HAVE_STRING_H 1
| #define HAVE_MEMORY_H 1
| #define HAVE_STRINGS_H 1
| #define HAVE_INTTYPES_H 1
| #define HAVE_STDINT_H 1
| #define HAVE_UNISTD_H 1
| #define HAVE_DLFCN_H 1
| /* end confdefs.h.  */
| #include <ac_nonexistent.h>
configure:7957: result: g++ -E
configure:7977: g++ -E  conftest.cpp
configure:7977: $? = 0
configure:7991: g++ -E  conftest.cpp
conftest.cpp:23:28: fatal error: ac_nonexistent.h: No such file or directory
 #include <ac_nonexistent.h>
                            ^
compilation terminated.
configure:7991: $? = 1
configure: failed program was:
| /* confdefs.h */
| #define PACKAGE_NAME "iTETRIS ITS Cooperative Demo Application"
| #define PACKAGE_TARNAME "itetris-its-cooperative-demo-application"
| #define PACKAGE_VERSION "0.1.0"
| #define PACKAGE_STRING "iTETRIS ITS Cooperative Demo Application 0.1.0"
| #define PACKAGE_BUGREPORT ""
| #define PACKAGE_URL ""
| #define PACKAGE "itetris-its-cooperative-demo-application"
| #define VERSION "0.1.0"
| #define _DEBUG 1
| #define STDC_HEADERS 1
| #define HAVE_SYS_TYPES_H 1
| #define HAVE_SYS_STAT_H 1
| #define HAVE_STDLIB_H 1
| #define HAVE_STRING_H 1
| #define HAVE_MEMORY_H 1
| #define HAVE_STRINGS_H 1
| #define HAVE_INTTYPES_H 1
| #define HAVE_STDINT_H 1
| #define HAVE_UNISTD_H 1
| #define HAVE_DLFCN_H 1
| /* end confdefs.h.  */
| #include <ac_nonexistent.h>
configure:8197: checking for objdir
configure:8212: result: .libs
configure:8504: checking if gcc supports -fno-rtti -fno-exceptions
configure:8522: gcc -c -g -O2  -fno-rtti -fno-exceptions conftest.c >&5
cc1: warning: command line option '-fno-rtti' is valid for C++/ObjC++ but not for C [enabled by default]
configure:8526: $? = 0
configure:8539: result: no
configure:8559: checking for gcc option to produce PIC
configure:8831: result: -fPIC -DPIC
configure:8843: checking if gcc PIC flag -fPIC -DPIC works
configure:8861: gcc -c -g -O2  -fPIC -DPIC -DPIC conftest.c >&5
configure:8865: $? = 0
configure:8878: result: yes
configure:8902: checking if gcc static flag -static works
configure:8930: result: yes
configure:8945: checking if gcc supports -c -o file.o
configure:8966: gcc -c -g -O2  -o out/conftest2.o conftest.c >&5
configure:8970: $? = 0
configure:8992: result: yes
configure:9000: checking if gcc supports -c -o file.o
configure:9047: result: yes
configure:9080: checking whether the gcc linker (/usr/bin/ld -m elf_x86_64) supports shared libraries
configure:10071: result: yes
configure:10108: checking whether -lc should be explicitly linked in
configure:10113: gcc -c -g -O2  conftest.c >&5
configure:10116: $? = 0
configure:10131: gcc -shared conftest.o  -v -Wl,-soname -Wl,conftest -o conftest 2\>\&1 \| /bin/grep  -lc  \>/dev/null 2\>\&1
configure:10134: $? = 0
configure:10146: result: no
configure:10310: checking dynamic linker characteristics
configure:10743: gcc -o conftest -g -O2   -Wl,-rpath -Wl,/foo conftest.c  >&5
configure:10743: $? = 0
configure:10973: result: GNU/Linux ld.so
configure:11075: checking how to hardcode library paths into programs
configure:11100: result: immediate
configure:11620: checking whether stripping libraries is possible
configure:11625: result: yes
configure:11660: checking if libtool supports shared libraries
configure:11662: result: yes
configure:11665: checking whether to build shared libraries
configure:11686: result: yes
configure:11689: checking whether to build static libraries
configure:11693: result: yes
configure:11843: checking for ld used by g++
configure:11910: result: /usr/bin/ld -m elf_x86_64
configure:11917: checking if the linker (/usr/bin/ld -m elf_x86_64) is GNU ld
configure:11932: result: yes
configure:11987: checking whether the g++ linker (/usr/bin/ld -m elf_x86_64) supports shared libraries
configure:12900: result: yes
configure:12928: g++ -c -g   conftest.cpp >&5
configure:12931: $? = 0
configure:13113: checking for g++ option to produce PIC
configure:13430: result: -fPIC -DPIC
configure:13439: checking if g++ PIC flag -fPIC -DPIC works
configure:13457: g++ -c -g   -fPIC -DPIC -DPIC conftest.cpp >&5
configure:13461: $? = 0
configure:13474: result: yes
configure:13495: checking if g++ static flag -static works
configure:13523: result: yes
configure:13535: checking if g++ supports -c -o file.o
configure:13556: g++ -c -g   -o out/conftest2.o conftest.cpp >&5
configure:13560: $? = 0
configure:13582: result: yes
configure:13587: checking if g++ supports -c -o file.o
configure:13634: result: yes
configure:13664: checking whether the g++ linker (/usr/bin/ld -m elf_x86_64) supports shared libraries
configure:13693: result: yes
configure:13830: checking dynamic linker characteristics
configure:14211: g++ -o conftest -g    -Wl,-rpath -Wl,/foo conftest.cpp  >&5
configure:14211: $? = 0
configure:14441: result: GNU/Linux ld.so
configure:14492: checking how to hardcode library paths into programs
configure:14517: result: immediate
configure:14670: checking for pkg-config
configure:14688: found /usr/bin/pkg-config
configure:14700: result: /usr/bin/pkg-config
configure:14725: checking pkg-config is at least version 0.9.0
configure:14728: result: yes
configure:14739: checking for XERCES
configure:14747: $PKG_CONFIG --exists --print-errors "xerces-c >= 3.0"
configure:14750: $? = 0
configure:14765: $PKG_CONFIG --exists --print-errors "xerces-c >= 3.0"
configure:14768: $? = 0
configure:14808: result: yes
configure:14841: checking for main in -lxerces-c
configure:14860: gcc -o conftest -g -O2   conftest.c -lxerces-c   >&5
configure:14860: $? = 0
configure:14870: result: yes
configure:14937: checking xercesc/util/XercesVersion.hpp usability
configure:14937: gcc -c -g -O2  -I/usr/local/include -I/usr/include conftest.c >&5
configure:14937: $? = 0
configure:14937: result: yes
configure:14937: checking xercesc/util/XercesVersion.hpp presence
configure:14937: gcc -E  -I/usr/local/include -I/usr/include conftest.c
configure:14937: $? = 0
configure:14937: result: yes
configure:14937: checking for xercesc/util/XercesVersion.hpp
configure:14937: result: yes
configure:14965: checking for working alloca.h
configure:14982: gcc -o conftest -g -O2   conftest.c  >&5
configure:14982: $? = 0
configure:14990: result: yes
configure:14998: checking for alloca
configure:15035: gcc -o conftest -g -O2   conftest.c  >&5
configure:15035: $? = 0
configure:15043: result: yes
configure:15153: checking for ANSI C header files
configure:15257: result: yes
configure:15268: checking float.h usability
configure:15268: gcc -c -g -O2  conftest.c >&5
configure:15268: $? = 0
configure:15268: result: yes
configure:15268: checking float.h presence
configure:15268: gcc -E  conftest.c
configure:15268: $? = 0
configure:15268: result: yes
configure:15268: checking for float.h
configure:15268: result: yes
configure:15268: checking limits.h usability
configure:15268: gcc -c -g -O2  conftest.c >&5
configure:15268: $? = 0
configure:15268: result: yes
configure:15268: checking limits.h presence
configure:15268: gcc -E  conftest.c
configure:15268: $? = 0
configure:15268: result: yes
configure:15268: checking for limits.h
configure:15268: result: yes
configure:15268: checking malloc.h usability
configure:15268: gcc -c -g -O2  conftest.c >&5
configure:15268: $? = 0
configure:15268: result: yes
configure:15268: checking malloc.h presence
configure:15268: gcc -E  conftest.c
configure:15268: $? = 0
configure:15268: result: yes
configure:15268: checking for malloc.h
configure:15268: result: yes
configure:15268: checking math.h usability
configure:15268: gcc -c -g -O2  conftest.c >&5
configure:15268: $? = 0
configure:15268: result: yes
configure:15268: checking math.h presence
configure:15268: gcc -E  conftest.c
configure:15268: $? = 0
configure:15268: result: yes
configure:15268: checking for math.h
configure:15268: result: yes
configure:15268: checking stddef.h usability
configure:15268: gcc -c -g -O2  conftest.c >&5
configure:15268: $? = 0
configure:15268: result: yes
configure:15268: checking stddef.h presence
configure:15268: gcc -E  conftest.c
configure:15268: $? = 0
configure:15268: result: yes
configure:15268: checking for stddef.h
configure:15268: result: yes
configure:15268: checking for stdlib.h
configure:15268: result: yes
configure:15268: checking for string.h
configure:15268: result: yes
configure:15268: checking sys/time.h usability
configure:15268: gcc -c -g -O2  conftest.c >&5
configure:15268: $? = 0
configure:15268: result: yes
configure:15268: checking sys/time.h presence
configure:15268: gcc -E  conftest.c
configure:15268: $? = 0
configure:15268: result: yes
configure:15268: checking for sys/time.h
configure:15268: result: yes
configure:15268: checking for unistd.h
configure:15268: result: yes
configure:15268: checking wchar.h usability
configure:15268: gcc -c -g -O2  conftest.c >&5
configure:15268: $? = 0
configure:15268: result: yes
configure:15268: checking wchar.h presence
configure:15268: gcc -E  conftest.c
configure:15268: $? = 0
configure:15268: result: yes
configure:15268: checking for wchar.h
configure:15268: result: yes
configure:15280: checking for stdbool.h that conforms to C99
configure:15365: gcc -c -g -O2  conftest.c >&5
configure:15365: $? = 0
configure:15372: result: yes
configure:15374: checking for _Bool
configure:15374: gcc -c -g -O2  conftest.c >&5
configure:15374: $? = 0
configure:15374: gcc -c -g -O2  conftest.c >&5
conftest.c: In function 'main':
conftest.c:76:20: error: expected expression before ')' token
 if (sizeof ((_Bool)))
                    ^
configure:15374: $? = 1
configure: failed program was:
| /* confdefs.h */
| #define PACKAGE_NAME "iTETRIS ITS Cooperative Demo Application"
| #define PACKAGE_TARNAME "itetris-its-cooperative-demo-application"
| #define PACKAGE_VERSION "0.1.0"
| #define PACKAGE_STRING "iTETRIS ITS Cooperative Demo Application 0.1.0"
| #define PACKAGE_BUGREPORT ""
| #define PACKAGE_URL ""
| #define PACKAGE "itetris-its-cooperative-demo-application"
| #define VERSION "0.1.0"
| #define _DEBUG 1
| #define STDC_HEADERS 1
| #define HAVE_SYS_TYPES_H 1
| #define HAVE_SYS_STAT_H 1
| #define HAVE_STDLIB_H 1
| #define HAVE_STRING_H 1
| #define HAVE_MEMORY_H 1
| #define HAVE_STRINGS_H 1
| #define HAVE_INTTYPES_H 1
| #define HAVE_STDINT_H 1
| #define HAVE_UNISTD_H 1
| #define HAVE_DLFCN_H 1
| #define LT_OBJDIR ".libs/"
| #define SUMOReal float
| #define OUTPUT_ACCURACY 2
| #define XERCES3_SIZE_t XMLSize_t
| #define HAVE_ALLOCA_H 1
| #define HAVE_ALLOCA 1
| #define STDC_HEADERS 1
| #define HAVE_FLOAT_H 1
| #define HAVE_LIMITS_H 1
| #define HAVE_MALLOC_H 1
| #define HAVE_MATH_H 1
| #define HAVE_STDDEF_H 1
| #define HAVE_STDLIB_H 1
| #define HAVE_STRING_H 1
| #define HAVE_SYS_TIME_H 1
| #define HAVE_UNISTD_H 1
| #define HAVE_WCHAR_H 1
| /* end confdefs.h.  */
| #include <stdio.h>
| #ifdef HAVE_SYS_TYPES_H
| # include <sys/types.h>
| #endif
| #ifdef HAVE_SYS_STAT_H
| # include <sys/stat.h>
| #endif
| #ifdef STDC_HEADERS
| # include <stdlib.h>
| # include <stddef.h>
| #else
| # ifdef HAVE_STDLIB_H
| #  include <stdlib.h>
| # endif
| #endif
| #ifdef HAVE_STRING_H
| # if !defined STDC_HEADERS && defined HAVE_MEMORY_H
| #  include <memory.h>
| # endif
| # include <string.h>
| #endif
| #ifdef HAVE_STRINGS_H
| # include <strings.h>
| #endif
| #ifdef HAVE_INTTYPES_H
| # include <inttypes.h>
| #endif
| #ifdef HAVE_STDINT_H
| # include <stdint.h>
| #endif
| #ifdef HAVE_UNISTD_H
| # include <unistd.h>
| #endif
| int
| main ()
| {
| if (sizeof ((_Bool)))
| 	    return 0;
|   ;
|   return 0;
| }
configure:15374: result: yes
configure:15390: checking for an ANSI C-conforming const
configure:15455: gcc -c -g -O2  conftest.c >&5
configure:15455: $? = 0
configure:15462: result: yes
configure:15470: checking for inline
configure:15486: gcc -c -g -O2  conftest.c >&5
configure:15486: $? = 0
configure:15494: result: inline
configure:15512: checking for size_t
configure:15512: gcc -c -g -O2  conftest.c >&5
configure:15512: $? = 0
configure:15512: gcc -c -g -O2  conftest.c >&5
conftest.c: In function 'main':
conftest.c:78:21: error: expected expression before ')' token
 if (sizeof ((size_t)))
                     ^
configure:15512: $? = 1
configure: failed program was:
| /* confdefs.h */
| #define PACKAGE_NAME "iTETRIS ITS Cooperative Demo Application"
| #define PACKAGE_TARNAME "itetris-its-cooperative-demo-application"
| #define PACKAGE_VERSION "0.1.0"
| #define PACKAGE_STRING "iTETRIS ITS Cooperative Demo Application 0.1.0"
| #define PACKAGE_BUGREPORT ""
| #define PACKAGE_URL ""
| #define PACKAGE "itetris-its-cooperative-demo-application"
| #define VERSION "0.1.0"
| #define _DEBUG 1
| #define STDC_HEADERS 1
| #define HAVE_SYS_TYPES_H 1
| #define HAVE_SYS_STAT_H 1
| #define HAVE_STDLIB_H 1
| #define HAVE_STRING_H 1
| #define HAVE_MEMORY_H 1
| #define HAVE_STRINGS_H 1
| #define HAVE_INTTYPES_H 1
| #define HAVE_STDINT_H 1
| #define HAVE_UNISTD_H 1
| #define HAVE_DLFCN_H 1
| #define LT_OBJDIR ".libs/"
| #define SUMOReal float
| #define OUTPUT_ACCURACY 2
| #define XERCES3_SIZE_t XMLSize_t
| #define HAVE_ALLOCA_H 1
| #define HAVE_ALLOCA 1
| #define STDC_HEADERS 1
| #define HAVE_FLOAT_H 1
| #define HAVE_LIMITS_H 1
| #define HAVE_MALLOC_H 1
| #define HAVE_MATH_H 1
| #define HAVE_STDDEF_H 1
| #define HAVE_STDLIB_H 1
| #define HAVE_STRING_H 1
| #define HAVE_SYS_TIME_H 1
| #define HAVE_UNISTD_H 1
| #define HAVE_WCHAR_H 1
| #define HAVE__BOOL 1
| #define HAVE_STDBOOL_H 1
| /* end confdefs.h.  */
| #include <stdio.h>
| #ifdef HAVE_SYS_TYPES_H
| # include <sys/types.h>
| #endif
| #ifdef HAVE_SYS_STAT_H
| # include <sys/stat.h>
| #endif
| #ifdef STDC_HEADERS
| # include <stdlib.h>
| # include <stddef.h>
| #else
| # ifdef HAVE_STDLIB_H
| #  include <stdlib.h>
| # endif
| #endif
| #ifdef HAVE_STRING_H
| # if !defined STDC_HEADERS && defined HAVE_MEMORY_H
| #  include <memory.h>
| # endif
| # include <string.h>
| #endif
| #ifdef HAVE_STRINGS_H
| # include <strings.h>
| #endif
| #ifdef HAVE_INTTYPES_H
| # include <inttypes.h>
| #endif
| #ifdef HAVE_STDINT_H
| # include <stdint.h>
| #endif
| #ifdef HAVE_UNISTD_H
| # include <unistd.h>
| #endif
| int
| main ()
| {
| if (sizeof ((size_t)))
| 	    return 0;
|   ;
|   return 0;
| }
configure:15512: result: yes
configure:15523: checking whether time.h and sys/time.h may both be included
configure:15543: gcc -c -g -O2  conftest.c >&5
configure:15543: $? = 0
configure:15550: result: yes
configure:15558: checking whether struct tm is in sys/time.h or time.h
configure:15578: gcc -c -g -O2  conftest.c >&5
configure:15578: $? = 0
configure:15585: result: time.h
configure:15593: checking for working volatile
configure:15612: gcc -c -g -O2  conftest.c >&5
configure:15612: $? = 0
configure:15619: result: yes
configure:15628: checking for error_at_line
configure:15644: gcc -o conftest -g -O2   conftest.c  >&5
configure:15644: $? = 0
configure:15652: result: yes
configure:15665: checking for stdlib.h
configure:15665: result: yes
configure:15675: checking for GNU libc compatible malloc
configure:15699: gcc -o conftest -g -O2   conftest.c  >&5
configure:15699: $? = 0
configure:15699: ./conftest
configure:15699: $? = 0
configure:15709: result: yes
configure:15733: checking sys/select.h usability
configure:15733: gcc -c -g -O2  conftest.c >&5
configure:15733: $? = 0
configure:15733: result: yes
configure:15733: checking sys/select.h presence
configure:15733: gcc -E  conftest.c
configure:15733: $? = 0
configure:15733: result: yes
configure:15733: checking for sys/select.h
configure:15733: result: yes
configure:15733: checking sys/socket.h usability
configure:15733: gcc -c -g -O2  conftest.c >&5
configure:15733: $? = 0
configure:15733: result: yes
configure:15733: checking sys/socket.h presence
configure:15733: gcc -E  conftest.c
configure:15733: $? = 0
configure:15733: result: yes
configure:15733: checking for sys/socket.h
configure:15733: result: yes
configure:15744: checking types of arguments for select
configure:15772: gcc -c -g -O2  conftest.c >&5
configure:15772: $? = 0
configure:15783: result: int,fd_set *,struct timeval *
configure:15806: checking return type of signal handlers
configure:15824: gcc -c -g -O2  conftest.c >&5
conftest.c: In function 'main':
conftest.c:56:1: error: void value not ignored as it ought to be
 return *(signal (0, 0)) (0) == 1;
 ^
configure:15824: $? = 1
configure: failed program was:
| /* confdefs.h */
| #define PACKAGE_NAME "iTETRIS ITS Cooperative Demo Application"
| #define PACKAGE_TARNAME "itetris-its-cooperative-demo-application"
| #define PACKAGE_VERSION "0.1.0"
| #define PACKAGE_STRING "iTETRIS ITS Cooperative Demo Application 0.1.0"
| #define PACKAGE_BUGREPORT ""
| #define PACKAGE_URL ""
| #define PACKAGE "itetris-its-cooperative-demo-application"
| #define VERSION "0.1.0"
| #define _DEBUG 1
| #define STDC_HEADERS 1
| #define HAVE_SYS_TYPES_H 1
| #define HAVE_SYS_STAT_H 1
| #define HAVE_STDLIB_H 1
| #define HAVE_STRING_H 1
| #define HAVE_MEMORY_H 1
| #define HAVE_STRINGS_H 1
| #define HAVE_INTTYPES_H 1
| #define HAVE_STDINT_H 1
| #define HAVE_UNISTD_H 1
| #define HAVE_DLFCN_H 1
| #define LT_OBJDIR ".libs/"
| #define SUMOReal float
| #define OUTPUT_ACCURACY 2
| #define XERCES3_SIZE_t XMLSize_t
| #define HAVE_ALLOCA_H 1
| #define HAVE_ALLOCA 1
| #define STDC_HEADERS 1
| #define HAVE_FLOAT_H 1
| #define HAVE_LIMITS_H 1
| #define HAVE_MALLOC_H 1
| #define HAVE_MATH_H 1
| #define HAVE_STDDEF_H 1
| #define HAVE_STDLIB_H 1
| #define HAVE_STRING_H 1
| #define HAVE_SYS_TIME_H 1
| #define HAVE_UNISTD_H 1
| #define HAVE_WCHAR_H 1
| #define HAVE__BOOL 1
| #define HAVE_STDBOOL_H 1
| #define TIME_WITH_SYS_TIME 1
| #define HAVE_STDLIB_H 1
| #define HAVE_MALLOC 1
| #define HAVE_SYS_SELECT_H 1
| #define HAVE_SYS_SOCKET_H 1
| #define SELECT_TYPE_ARG1 int
| #define SELECT_TYPE_ARG234 (fd_set *)
| #define SELECT_TYPE_ARG5 (struct timeval *)
| /* end confdefs.h.  */
| #include <sys/types.h>
| #include <signal.h>
| 
| int
| main ()
| {
| return *(signal (0, 0)) (0) == 1;
|   ;
|   return 0;
| }
configure:15831: result: void
configure:15839: checking whether lstat correctly handles trailing slash
configure:15865: gcc -o conftest -g -O2   conftest.c  >&5
configure:15865: $? = 0
configure:15865: ./conftest
configure:15865: $? = 0
configure:15882: result: yes
configure:15901: checking whether stat accepts an empty string
configure:15921: gcc -o conftest -g -O2   conftest.c  >&5
configure:15921: $? = 0
configure:15921: ./conftest
configure:15921: $? = 0
configure:15931: result: no
configure:15950: checking for floor
configure:15950: gcc -o conftest -g -O2   conftest.c  >&5
conftest.c:75:6: warning: conflicting types for built-in function 'floor' [enabled by default]
 char floor ();
      ^
/tmp/ccG3TJCm.o: In function `main':
/home/kentux/Downloads/iTETRIS_Platform_0.2.0/community-demo-app-v2/conftest.c:86: undefined reference to `floor'
collect2: error: ld returned 1 exit status
configure:15950: $? = 1
configure: failed program was:
| /* confdefs.h */
| #define PACKAGE_NAME "iTETRIS ITS Cooperative Demo Application"
| #define PACKAGE_TARNAME "itetris-its-cooperative-demo-application"
| #define PACKAGE_VERSION "0.1.0"
| #define PACKAGE_STRING "iTETRIS ITS Cooperative Demo Application 0.1.0"
| #define PACKAGE_BUGREPORT ""
| #define PACKAGE_URL ""
| #define PACKAGE "itetris-its-cooperative-demo-application"
| #define VERSION "0.1.0"
| #define _DEBUG 1
| #define STDC_HEADERS 1
| #define HAVE_SYS_TYPES_H 1
| #define HAVE_SYS_STAT_H 1
| #define HAVE_STDLIB_H 1
| #define HAVE_STRING_H 1
| #define HAVE_MEMORY_H 1
| #define HAVE_STRINGS_H 1
| #define HAVE_INTTYPES_H 1
| #define HAVE_STDINT_H 1
| #define HAVE_UNISTD_H 1
| #define HAVE_DLFCN_H 1
| #define LT_OBJDIR ".libs/"
| #define SUMOReal float
| #define OUTPUT_ACCURACY 2
| #define XERCES3_SIZE_t XMLSize_t
| #define HAVE_ALLOCA_H 1
| #define HAVE_ALLOCA 1
| #define STDC_HEADERS 1
| #define HAVE_FLOAT_H 1
| #define HAVE_LIMITS_H 1
| #define HAVE_MALLOC_H 1
| #define HAVE_MATH_H 1
| #define HAVE_STDDEF_H 1
| #define HAVE_STDLIB_H 1
| #define HAVE_STRING_H 1
| #define HAVE_SYS_TIME_H 1
| #define HAVE_UNISTD_H 1
| #define HAVE_WCHAR_H 1
| #define HAVE__BOOL 1
| #define HAVE_STDBOOL_H 1
| #define TIME_WITH_SYS_TIME 1
| #define HAVE_STDLIB_H 1
| #define HAVE_MALLOC 1
| #define HAVE_SYS_SELECT_H 1
| #define HAVE_SYS_SOCKET_H 1
| #define SELECT_TYPE_ARG1 int
| #define SELECT_TYPE_ARG234 (fd_set *)
| #define SELECT_TYPE_ARG5 (struct timeval *)
| #define RETSIGTYPE void
| #define LSTAT_FOLLOWS_SLASHED_SYMLINK 1
| /* end confdefs.h.  */
| /* Define floor to an innocuous variant, in case <limits.h> declares floor.
|    For example, HP-UX 11i <limits.h> declares gettimeofday.  */
| #define floor innocuous_floor
| 
| /* System header to define __stub macros and hopefully few prototypes,
|     which can conflict with char floor (); below.
|     Prefer <limits.h> to <assert.h> if __STDC__ is defined, since
|     <limits.h> exists even on freestanding compilers.  */
| 
| #ifdef __STDC__
| # include <limits.h>
| #else
| # include <assert.h>
| #endif
| 
| #undef floor
| 
| /* Override any GCC internal prototype to avoid an error.
|    Use char because int might match the return type of a GCC
|    builtin and then its argument prototype would still apply.  */
| #ifdef __cplusplus
| extern "C"
| #endif
| char floor ();
| /* The GNU C library defines this for functions which it implements
|     to always fail with ENOSYS.  Some functions are actually named
|     something starting with __ and the normal name is an alias.  */
| #if defined __stub_floor || defined __stub___floor
| choke me
| #endif
| 
| int
| main ()
| {
| return floor ();
|   ;
|   return 0;
| }
configure:15950: result: no
configure:15950: checking for getcwd
configure:15950: gcc -o conftest -g -O2   conftest.c  >&5
configure:15950: $? = 0
configure:15950: result: yes
configure:15950: checking for gettimeofday
configure:15950: gcc -o conftest -g -O2   conftest.c  >&5
configure:15950: $? = 0
configure:15950: result: yes
configure:15950: checking for memset
configure:15950: gcc -o conftest -g -O2   conftest.c  >&5
conftest.c:77:6: warning: conflicting types for built-in function 'memset' [enabled by default]
 char memset ();
      ^
configure:15950: $? = 0
configure:15950: result: yes
configure:15950: checking for pow
configure:15950: gcc -o conftest -g -O2   conftest.c  >&5
conftest.c:78:6: warning: conflicting types for built-in function 'pow' [enabled by default]
 char pow ();
      ^
/tmp/cc7dbjSu.o: In function `main':
/home/kentux/Downloads/iTETRIS_Platform_0.2.0/community-demo-app-v2/conftest.c:89: undefined reference to `pow'
collect2: error: ld returned 1 exit status
configure:15950: $? = 1
configure: failed program was:
| /* confdefs.h */
| #define PACKAGE_NAME "iTETRIS ITS Cooperative Demo Application"
| #define PACKAGE_TARNAME "itetris-its-cooperative-demo-application"
| #define PACKAGE_VERSION "0.1.0"
| #define PACKAGE_STRING "iTETRIS ITS Cooperative Demo Application 0.1.0"
| #define PACKAGE_BUGREPORT ""
| #define PACKAGE_URL ""
| #define PACKAGE "itetris-its-cooperative-demo-application"
| #define VERSION "0.1.0"
| #define _DEBUG 1
| #define STDC_HEADERS 1
| #define HAVE_SYS_TYPES_H 1
| #define HAVE_SYS_STAT_H 1
| #define HAVE_STDLIB_H 1
| #define HAVE_STRING_H 1
| #define HAVE_MEMORY_H 1
| #define HAVE_STRINGS_H 1
| #define HAVE_INTTYPES_H 1
| #define HAVE_STDINT_H 1
| #define HAVE_UNISTD_H 1
| #define HAVE_DLFCN_H 1
| #define LT_OBJDIR ".libs/"
| #define SUMOReal float
| #define OUTPUT_ACCURACY 2
| #define XERCES3_SIZE_t XMLSize_t
| #define HAVE_ALLOCA_H 1
| #define HAVE_ALLOCA 1
| #define STDC_HEADERS 1
| #define HAVE_FLOAT_H 1
| #define HAVE_LIMITS_H 1
| #define HAVE_MALLOC_H 1
| #define HAVE_MATH_H 1
| #define HAVE_STDDEF_H 1
| #define HAVE_STDLIB_H 1
| #define HAVE_STRING_H 1
| #define HAVE_SYS_TIME_H 1
| #define HAVE_UNISTD_H 1
| #define HAVE_WCHAR_H 1
| #define HAVE__BOOL 1
| #define HAVE_STDBOOL_H 1
| #define TIME_WITH_SYS_TIME 1
| #define HAVE_STDLIB_H 1
| #define HAVE_MALLOC 1
| #define HAVE_SYS_SELECT_H 1
| #define HAVE_SYS_SOCKET_H 1
| #define SELECT_TYPE_ARG1 int
| #define SELECT_TYPE_ARG234 (fd_set *)
| #define SELECT_TYPE_ARG5 (struct timeval *)
| #define RETSIGTYPE void
| #define LSTAT_FOLLOWS_SLASHED_SYMLINK 1
| #define HAVE_GETCWD 1
| #define HAVE_GETTIMEOFDAY 1
| #define HAVE_MEMSET 1
| /* end confdefs.h.  */
| /* Define pow to an innocuous variant, in case <limits.h> declares pow.
|    For example, HP-UX 11i <limits.h> declares gettimeofday.  */
| #define pow innocuous_pow
| 
| /* System header to define __stub macros and hopefully few prototypes,
|     which can conflict with char pow (); below.
|     Prefer <limits.h> to <assert.h> if __STDC__ is defined, since
|     <limits.h> exists even on freestanding compilers.  */
| 
| #ifdef __STDC__
| # include <limits.h>
| #else
| # include <assert.h>
| #endif
| 
| #undef pow
| 
| /* Override any GCC internal prototype to avoid an error.
|    Use char because int might match the return type of a GCC
|    builtin and then its argument prototype would still apply.  */
| #ifdef __cplusplus
| extern "C"
| #endif
| char pow ();
| /* The GNU C library defines this for functions which it implements
|     to always fail with ENOSYS.  Some functions are actually named
|     something starting with __ and the normal name is an alias.  */
| #if defined __stub_pow || defined __stub___pow
| choke me
| #endif
| 
| int
| main ()
| {
| return pow ();
|   ;
|   return 0;
| }
configure:15950: result: no
configure:15950: checking for select
configure:15950: gcc -o conftest -g -O2   conftest.c  >&5
configure:15950: $? = 0
configure:15950: result: yes
configure:15950: checking for socket
configure:15950: gcc -o conftest -g -O2   conftest.c  >&5
configure:15950: $? = 0
configure:15950: result: yes
configure:15950: checking for sqrt
configure:15950: gcc -o conftest -g -O2   conftest.c  >&5
conftest.c:80:6: warning: conflicting types for built-in function 'sqrt' [enabled by default]
 char sqrt ();
      ^
/tmp/ccyzm5ir.o: In function `main':
/home/kentux/Downloads/iTETRIS_Platform_0.2.0/community-demo-app-v2/conftest.c:91: undefined reference to `sqrt'
collect2: error: ld returned 1 exit status
configure:15950: $? = 1
configure: failed program was:
| /* confdefs.h */
| #define PACKAGE_NAME "iTETRIS ITS Cooperative Demo Application"
| #define PACKAGE_TARNAME "itetris-its-cooperative-demo-application"
| #define PACKAGE_VERSION "0.1.0"
| #define PACKAGE_STRING "iTETRIS ITS Cooperative Demo Application 0.1.0"
| #define PACKAGE_BUGREPORT ""
| #define PACKAGE_URL ""
| #define PACKAGE "itetris-its-cooperative-demo-application"
| #define VERSION "0.1.0"
| #define _DEBUG 1
| #define STDC_HEADERS 1
| #define HAVE_SYS_TYPES_H 1
| #define HAVE_SYS_STAT_H 1
| #define HAVE_STDLIB_H 1
| #define HAVE_STRING_H 1
| #define HAVE_MEMORY_H 1
| #define HAVE_STRINGS_H 1
| #define HAVE_INTTYPES_H 1
| #define HAVE_STDINT_H 1
| #define HAVE_UNISTD_H 1
| #define HAVE_DLFCN_H 1
| #define LT_OBJDIR ".libs/"
| #define SUMOReal float
| #define OUTPUT_ACCURACY 2
| #define XERCES3_SIZE_t XMLSize_t
| #define HAVE_ALLOCA_H 1
| #define HAVE_ALLOCA 1
| #define STDC_HEADERS 1
| #define HAVE_FLOAT_H 1
| #define HAVE_LIMITS_H 1
| #define HAVE_MALLOC_H 1
| #define HAVE_MATH_H 1
| #define HAVE_STDDEF_H 1
| #define HAVE_STDLIB_H 1
| #define HAVE_STRING_H 1
| #define HAVE_SYS_TIME_H 1
| #define HAVE_UNISTD_H 1
| #define HAVE_WCHAR_H 1
| #define HAVE__BOOL 1
| #define HAVE_STDBOOL_H 1
| #define TIME_WITH_SYS_TIME 1
| #define HAVE_STDLIB_H 1
| #define HAVE_MALLOC 1
| #define HAVE_SYS_SELECT_H 1
| #define HAVE_SYS_SOCKET_H 1
| #define SELECT_TYPE_ARG1 int
| #define SELECT_TYPE_ARG234 (fd_set *)
| #define SELECT_TYPE_ARG5 (struct timeval *)
| #define RETSIGTYPE void
| #define LSTAT_FOLLOWS_SLASHED_SYMLINK 1
| #define HAVE_GETCWD 1
| #define HAVE_GETTIMEOFDAY 1
| #define HAVE_MEMSET 1
| #define HAVE_SELECT 1
| #define HAVE_SOCKET 1
| /* end confdefs.h.  */
| /* Define sqrt to an innocuous variant, in case <limits.h> declares sqrt.
|    For example, HP-UX 11i <limits.h> declares gettimeofday.  */
| #define sqrt innocuous_sqrt
| 
| /* System header to define __stub macros and hopefully few prototypes,
|     which can conflict with char sqrt (); below.
|     Prefer <limits.h> to <assert.h> if __STDC__ is defined, since
|     <limits.h> exists even on freestanding compilers.  */
| 
| #ifdef __STDC__
| # include <limits.h>
| #else
| # include <assert.h>
| #endif
| 
| #undef sqrt
| 
| /* Override any GCC internal prototype to avoid an error.
|    Use char because int might match the return type of a GCC
|    builtin and then its argument prototype would still apply.  */
| #ifdef __cplusplus
| extern "C"
| #endif
| char sqrt ();
| /* The GNU C library defines this for functions which it implements
|     to always fail with ENOSYS.  Some functions are actually named
|     something starting with __ and the normal name is an alias.  */
| #if defined __stub_sqrt || defined __stub___sqrt
| choke me
| #endif
| 
| int
| main ()
| {
| return sqrt ();
|   ;
|   return 0;
| }
configure:15950: result: no
configure:16094: creating ./config.status

## ---------------------- ##
## Running config.status. ##
## ---------------------- ##

This file was extended by iTETRIS ITS Cooperative Demo Application config.status 0.1.0, which was
generated by GNU Autoconf 2.65.  Invocation command line was

  CONFIG_FILES    = 
  CONFIG_HEADERS  = 
  CONFIG_LINKS    = 
  CONFIG_COMMANDS = 
  $ ./config.status 

on texus-lab

config.status:1183: creating src/foreign/Makefile
config.status:1183: creating src/foreign/tcpip/Makefile
config.status:1183: creating src/foreign/mersenne/Makefile
config.status:1183: creating src/foreign/nvwa/Makefile
config.status:1183: creating src/utils/common/Makefile
config.status:1183: creating src/utils/log/Makefile
config.status:1183: creating src/utils/iodevices/Makefile
config.status:1183: creating src/utils/xml/Makefile
config.status:1183: creating src/utils/Makefile
config.status:1183: creating src/utils/options/Makefile
config.status:1183: creating src/Makefile
config.status:1183: creating Makefile
config.status:1183: creating src/config.h
config.status:1403: executing depfiles commands
config.status:1403: executing libtool commands
configure:18572: result: 
configure:18574: result: Optional features summary
configure:18576: result: -------------------------
configure:18578: result: Enabled: Debug
configure:18580: result: Disabled: DoublePrecision MemoryChecks

## ---------------- ##
## Cache variables. ##
## ---------------- ##

ac_cv_build=x86_64-unknown-linux-gnu
ac_cv_c_compiler_gnu=yes
ac_cv_c_const=yes
ac_cv_c_inline=inline
ac_cv_c_volatile=yes
ac_cv_cxx_compiler_gnu=yes
ac_cv_env_CCC_set=
ac_cv_env_CCC_value=
ac_cv_env_CC_set=
ac_cv_env_CC_value=
ac_cv_env_CFLAGS_set=
ac_cv_env_CFLAGS_value=
ac_cv_env_CPPFLAGS_set=
ac_cv_env_CPPFLAGS_value=
ac_cv_env_CPP_set=
ac_cv_env_CPP_value=
ac_cv_env_CXXCPP_set=
ac_cv_env_CXXCPP_value=
ac_cv_env_CXXFLAGS_set=
ac_cv_env_CXXFLAGS_value=
ac_cv_env_CXX_set=
ac_cv_env_CXX_value=
ac_cv_env_LDFLAGS_set=
ac_cv_env_LDFLAGS_value=
ac_cv_env_LIBS_set=
ac_cv_env_LIBS_value=
ac_cv_env_PKG_CONFIG_set=
ac_cv_env_PKG_CONFIG_value=
ac_cv_env_XERCES_CFLAGS_set=
ac_cv_env_XERCES_CFLAGS_value=
ac_cv_env_XERCES_LIBS_set=
ac_cv_env_XERCES_LIBS_value=
ac_cv_env_build_alias_set=
ac_cv_env_build_alias_value=
ac_cv_env_host_alias_set=
ac_cv_env_host_alias_value=
ac_cv_env_target_alias_set=
ac_cv_env_target_alias_value=
ac_cv_func_alloca_works=yes
ac_cv_func_floor=no
ac_cv_func_getcwd=yes
ac_cv_func_gettimeofday=yes
ac_cv_func_lstat_dereferences_slashed_symlink=yes
ac_cv_func_malloc_0_nonnull=yes
ac_cv_func_memset=yes
ac_cv_func_pow=no
ac_cv_func_select=yes
ac_cv_func_select_args='int,fd_set *,struct timeval *'
ac_cv_func_socket=yes
ac_cv_func_sqrt=no
ac_cv_func_stat_empty_string_bug=no
ac_cv_header_dlfcn_h=yes
ac_cv_header_float_h=yes
ac_cv_header_inttypes_h=yes
ac_cv_header_limits_h=yes
ac_cv_header_malloc_h=yes
ac_cv_header_math_h=yes
ac_cv_header_memory_h=yes
ac_cv_header_stdbool_h=yes
ac_cv_header_stdc=yes
ac_cv_header_stddef_h=yes
ac_cv_header_stdint_h=yes
ac_cv_header_stdlib_h=yes
ac_cv_header_string_h=yes
ac_cv_header_strings_h=yes
ac_cv_header_sys_select_h=yes
ac_cv_header_sys_socket_h=yes
ac_cv_header_sys_stat_h=yes
ac_cv_header_sys_time_h=yes
ac_cv_header_sys_types_h=yes
ac_cv_header_time=yes
ac_cv_header_unistd_h=yes
ac_cv_header_wchar_h=yes
ac_cv_header_xercesc_util_XercesVersion_hpp=yes
ac_cv_host=x86_64-unknown-linux-gnu
ac_cv_lib_error_at_line=yes
ac_cv_lib_xerces_c___main=yes
ac_cv_objext=o
ac_cv_path_EGREP='/bin/grep -E'
ac_cv_path_FGREP='/bin/grep -F'
ac_cv_path_GREP=/bin/grep
ac_cv_path_SED=/bin/sed
ac_cv_path_ac_pt_PKG_CONFIG=/usr/bin/pkg-config
ac_cv_path_install='/usr/bin/install -c'
ac_cv_path_mkdir=/bin/mkdir
ac_cv_prog_AWK=gawk
ac_cv_prog_CPP='gcc -E'
ac_cv_prog_CXXCPP='g++ -E'
ac_cv_prog_ac_ct_AR=ar
ac_cv_prog_ac_ct_CC=gcc
ac_cv_prog_ac_ct_CXX=g++
ac_cv_prog_ac_ct_OBJDUMP=objdump
ac_cv_prog_ac_ct_RANLIB=ranlib
ac_cv_prog_ac_ct_STRIP=strip
ac_cv_prog_cc_c89=
ac_cv_prog_cc_g=yes
ac_cv_prog_cxx_g=yes
ac_cv_prog_make_make_set=yes
ac_cv_struct_tm=time.h
ac_cv_target=x86_64-unknown-linux-gnu
ac_cv_type__Bool=yes
ac_cv_type_signal=void
ac_cv_type_size_t=yes
ac_cv_working_alloca_h=yes
am_cv_CC_dependencies_compiler_type=gcc3
am_cv_CXX_dependencies_compiler_type=gcc3
lt_cv_deplibs_check_method=pass_all
lt_cv_file_magic_cmd='$MAGIC_CMD'
lt_cv_file_magic_test_file=
lt_cv_ld_reload_flag=-r
lt_cv_nm_interface='BSD nm'
lt_cv_objdir=.libs
lt_cv_path_LD=/usr/bin/ld
lt_cv_path_LDCXX='/usr/bin/ld -m elf_x86_64'
lt_cv_path_NM='/usr/bin/nm -B'
lt_cv_prog_compiler_c_o=yes
lt_cv_prog_compiler_c_o_CXX=yes
lt_cv_prog_compiler_pic_works=yes
lt_cv_prog_compiler_pic_works_CXX=yes
lt_cv_prog_compiler_rtti_exceptions=no
lt_cv_prog_compiler_static_works=yes
lt_cv_prog_compiler_static_works_CXX=yes
lt_cv_prog_gnu_ld=yes
lt_cv_prog_gnu_ldcxx=yes
lt_cv_sys_global_symbol_pipe='sed -n -e '\''s/^.*[	 ]\([ABCDGIRSTW][ABCDGIRSTW]*\)[	 ][	 ]*\([_A-Za-z][_A-Za-z0-9]*\)$/\1 \2 \2/p'\'''
lt_cv_sys_global_symbol_to_c_name_address='sed -n -e '\''s/^: \([^ ]*\) $/  {\"\1\", (void *) 0},/p'\'' -e '\''s/^[ABCDGIRSTW]* \([^ ]*\) \([^ ]*\)$/  {"\2", (void *) \&\2},/p'\'''
lt_cv_sys_global_symbol_to_c_name_address_lib_prefix='sed -n -e '\''s/^: \([^ ]*\) $/  {\"\1\", (void *) 0},/p'\'' -e '\''s/^[ABCDGIRSTW]* \([^ ]*\) \(lib[^ ]*\)$/  {"\2", (void *) \&\2},/p'\'' -e '\''s/^[ABCDGIRSTW]* \([^ ]*\) \([^ ]*\)$/  {"lib\2", (void *) \&\2},/p'\'''
lt_cv_sys_global_symbol_to_cdecl='sed -n -e '\''s/^T .* \(.*\)$/extern int \1();/p'\'' -e '\''s/^[ABCDGIRSTW]* .* \(.*\)$/extern char \1;/p'\'''
lt_cv_sys_max_cmd_len=1572864
pkg_cv_XERCES_CFLAGS=' '
pkg_cv_XERCES_LIBS='-lxerces-c  '

## ----------------- ##
## Output variables. ##
## ----------------- ##

ACLOCAL='${SHELL} /home/kentux/Downloads/iTETRIS_Platform_0.2.0/community-demo-app-v2/missing --run aclocal-1.11'
ALLOCA=''
AMDEPBACKSLASH='\'
AMDEP_FALSE='#'
AMDEP_TRUE=''
AMTAR='${SHELL} /home/kentux/Downloads/iTETRIS_Platform_0.2.0/community-demo-app-v2/missing --run tar'
AM_CPPFLAGS='-I/home/kentux/Downloads/iTETRIS_Platform_0.2.0/community-demo-app-v2/./src  -I/usr/local/include -I/usr/include '
AM_CXXFLAGS=''
AR='ar'
AUTOCONF='${SHELL} /home/kentux/Downloads/iTETRIS_Platform_0.2.0/community-demo-app-v2/missing --run autoconf'
AUTOHEADER='${SHELL} /home/kentux/Downloads/iTETRIS_Platform_0.2.0/community-demo-app-v2/missing --run autoheader'
AUTOMAKE='${SHELL} /home/kentux/Downloads/iTETRIS_Platform_0.2.0/community-demo-app-v2/missing --run automake-1.11'
AWK='gawk'
CC='gcc'
CCDEPMODE='depmode=gcc3'
CFLAGS='-g -O2'
CHECK_MEMORY_LEAKS_FALSE=''
CHECK_MEMORY_LEAKS_TRUE='#'
CPP='gcc -E'
CPPFLAGS=''
CXX='g++'
CXXCPP='g++ -E'
CXXDEPMODE='depmode=gcc3'
CXXFLAGS='-g '
CYGPATH_W='echo'
DEFS='-DHAVE_CONFIG_H'
DEPDIR='.deps'
DSYMUTIL=''
DUMPBIN=''
ECHO_C=''
ECHO_N='-n'
ECHO_T=''
EGREP='/bin/grep -E'
EXEEXT=''
FGREP='/bin/grep -F'
GREP='/bin/grep'
INSTALL_DATA='${INSTALL} -m 644'
INSTALL_PROGRAM='${INSTALL}'
INSTALL_SCRIPT='${INSTALL}'
INSTALL_STRIP_PROGRAM='$(install_sh) -c -s'
LD='/usr/bin/ld -m elf_x86_64'
LDFLAGS=''
LIBOBJS=''
LIBS=''
LIBTOOL='$(SHELL) $(top_builddir)/libtool'
LIB_XERCES='xerces-c'
LIPO=''
LN_S='ln -s'
LTLIBOBJS=''
MAKEINFO='${SHELL} /home/kentux/Downloads/iTETRIS_Platform_0.2.0/community-demo-app-v2/missing --run makeinfo'
MKDIR_P='/bin/mkdir -p'
NM='/usr/bin/nm -B'
NMEDIT=''
OBJDUMP='objdump'
OBJEXT='o'
OTOOL64=''
OTOOL=''
PACKAGE='itetris-its-cooperative-demo-application'
PACKAGE_BUGREPORT=''
PACKAGE_NAME='iTETRIS ITS Cooperative Demo Application'
PACKAGE_STRING='iTETRIS ITS Cooperative Demo Application 0.1.0'
PACKAGE_TARNAME='itetris-its-cooperative-demo-application'
PACKAGE_URL=''
PACKAGE_VERSION='0.1.0'
PATH_SEPARATOR=':'
PKG_CONFIG='/usr/bin/pkg-config'
RANLIB='ranlib'
SED='/bin/sed'
SET_MAKE=''
SHELL='/bin/bash'
STRIP='strip'
VERSION='0.1.0'
XERCES_CFLAGS=' '
XERCES_LDFLAGS=''
XERCES_LIBS='-lxerces-c  '
ac_ct_CC='gcc'
ac_ct_CXX='g++'
ac_ct_DUMPBIN=''
am__EXEEXT_FALSE=''
am__EXEEXT_TRUE='#'
am__fastdepCC_FALSE='#'
am__fastdepCC_TRUE=''
am__fastdepCXX_FALSE='#'
am__fastdepCXX_TRUE=''
am__include='include'
am__isrc=''
am__leading_dot='.'
am__quote=''
am__tar='${AMTAR} chof - "$$tardir"'
am__untar='${AMTAR} xf -'
bindir='${exec_prefix}/bin'
build='x86_64-unknown-linux-gnu'
build_alias=''
build_cpu='x86_64'
build_os='linux-gnu'
build_vendor='unknown'
datadir='${datarootdir}'
datarootdir='${prefix}/share'
docdir='${datarootdir}/doc/${PACKAGE_TARNAME}'
dvidir='${docdir}'
exec_prefix='${prefix}'
host='x86_64-unknown-linux-gnu'
host_alias=''
host_cpu='x86_64'
host_os='linux-gnu'
host_vendor='unknown'
htmldir='${docdir}'
includedir='${prefix}/include'
infodir='${datarootdir}/info'
install_sh='${SHELL} /home/kentux/Downloads/iTETRIS_Platform_0.2.0/community-demo-app-v2/install-sh'
libdir='${exec_prefix}/lib'
libexecdir='${exec_prefix}/libexec'
localedir='${datarootdir}/locale'
localstatedir='${prefix}/var'
lt_ECHO='echo'
mandir='${datarootdir}/man'
mkdir_p='/bin/mkdir -p'
oldincludedir='/usr/include'
pdfdir='${docdir}'
prefix='/usr/local'
program_transform_name='s,x,x,'
psdir='${docdir}'
sbindir='${exec_prefix}/sbin'
sharedstatedir='${prefix}/com'
sysconfdir='${prefix}/etc'
target='x86_64-unknown-linux-gnu'
target_alias=''
target_cpu='x86_64'
target_os='linux-gnu'
target_vendor='unknown'

## ----------- ##
## confdefs.h. ##
## ----------- ##

/* confdefs.h */
#define PACKAGE_NAME "iTETRIS ITS Cooperative Demo Application"
#define PACKAGE_TARNAME "itetris-its-cooperative-demo-application"
#define PACKAGE_VERSION "0.1.0"
#define PACKAGE_STRING "iTETRIS ITS Cooperative Demo Application 0.1.0"
#define PACKAGE_BUGREPORT ""
#define PACKAGE_URL ""
#define PACKAGE "itetris-its-cooperative-demo-application"
#define VERSION "0.1.0"
#define _DEBUG 1
#define STDC_HEADERS 1
#define HAVE_SYS_TYPES_H 1
#define HAVE_SYS_STAT_H 1
#define HAVE_STDLIB_H 1
#define HAVE_STRING_H 1
#define HAVE_MEMORY_H 1
#define HAVE_STRINGS_H 1
#define HAVE_INTTYPES_H 1
#define HAVE_STDINT_H 1
#define HAVE_UNISTD_H 1
#define HAVE_DLFCN_H 1
#define LT_OBJDIR ".libs/"
#define SUMOReal float
#define OUTPUT_ACCURACY 2
#define XERCES3_SIZE_t XMLSize_t
#define HAVE_ALLOCA_H 1
#define HAVE_ALLOCA 1
#define STDC_HEADERS 1
#define HAVE_FLOAT_H 1
#define HAVE_LIMITS_H 1
#define HAVE_MALLOC_H 1
#define HAVE_MATH_H 1
#define HAVE_STDDEF_H 1
#define HAVE_STDLIB_H 1
#define HAVE_STRING_H 1
#define HAVE_SYS_TIME_H 1
#define HAVE_UNISTD_H 1
#define HAVE_WCHAR_H 1
#define HAVE__BOOL 1
#define HAVE_STDBOOL_H 1
#define TIME_WITH_SYS_TIME 1
#define HAVE_STDLIB_H 1
#define HAVE_MALLOC 1
#define HAVE_SYS_SELECT_H 1
#define HAVE_SYS_SOCKET_H 1
#define SELECT_TYPE_ARG1 int
#define SELECT_TYPE_ARG234 (fd_set *)
#define SELECT_TYPE_ARG5 (struct timeval *)
#define RETSIGTYPE void
#define LSTAT_FOLLOWS_SLASHED_SYMLINK 1
#define HAVE_GETCWD 1
#define HAVE_GETTIMEOFDAY 1
#define HAVE_MEMSET 1
#define HAVE_SELECT 1
#define HAVE_SOCKET 1

configure: exit 0
